-------------------------------------------------------------------------------
Test set: com.juliamavenpractice.tests.TestNG_TestSuite
-------------------------------------------------------------------------------
Tests run: 3, Failures: 1, Errors: 0, Skipped: 2, Time elapsed: 1.181 s <<< FAILURE! - in com.juliamavenpractice.tests.TestNG_TestSuite
beforeClass(com.juliamavenpractice.tests.TestNG_TestSuite)  Time elapsed: 1.068 s  <<< FAILURE!
java.lang.IllegalStateException: The path to the driver executable must be set by the webdriver.chrome.driver system property; for more information, see https://github.com/SeleniumHQ/selenium/wiki/ChromeDriver. The latest version can be downloaded from http://chromedriver.storage.googleapis.com/index.html
	at com.juliamavenpractice.tests.TestNG_TestSuite.beforeClass(TestNG_TestSuite.java:22)

